<?xml version="1.0" encoding="UTF-8"?>
<!-- Generated by org.testng.reporters.JUnitReportReporter -->
<testsuite skipped="0" hostname="DESKTOP-ONEUKP0" name="test.Test1_GoogleSearch" tests="1" failures="0" timestamp="29 Mar 2021 14:27:26 GMT" time="34.851" errors="0">
  <testcase name="googleSearch" time="34.851" classname="test.Test1_GoogleSearch"/>
</testsuite> <!-- test.Test1_GoogleSearch -->
